mode: set
github.com/ayoisaiah/stellar-photos/photos.go:158.66,162.16 3 1
github.com/ayoisaiah/stellar-photos/photos.go:166.2,167.14 2 1
github.com/ayoisaiah/stellar-photos/photos.go:171.2,173.16 2 1
github.com/ayoisaiah/stellar-photos/photos.go:177.2,179.12 2 1
github.com/ayoisaiah/stellar-photos/photos.go:162.16,164.3 1 0
github.com/ayoisaiah/stellar-photos/photos.go:167.14,169.3 1 1
github.com/ayoisaiah/stellar-photos/photos.go:173.16,175.3 1 1
github.com/ayoisaiah/stellar-photos/photos.go:187.19,199.2 4 1
github.com/ayoisaiah/stellar-photos/photos.go:203.67,209.16 4 1
github.com/ayoisaiah/stellar-photos/photos.go:213.2,229.16 7 1
github.com/ayoisaiah/stellar-photos/photos.go:233.2,233.38 1 1
github.com/ayoisaiah/stellar-photos/photos.go:209.16,211.3 1 0
github.com/ayoisaiah/stellar-photos/photos.go:229.16,231.3 1 0
github.com/ayoisaiah/stellar-photos/photos.go:240.67,246.16 4 1
github.com/ayoisaiah/stellar-photos/photos.go:250.2,251.23 2 1
github.com/ayoisaiah/stellar-photos/photos.go:255.2,268.16 6 1
github.com/ayoisaiah/stellar-photos/photos.go:272.2,274.20 2 1
github.com/ayoisaiah/stellar-photos/photos.go:286.2,294.16 3 1
github.com/ayoisaiah/stellar-photos/photos.go:298.2,304.16 3 1
github.com/ayoisaiah/stellar-photos/photos.go:308.2,308.38 1 1
github.com/ayoisaiah/stellar-photos/photos.go:246.16,248.3 1 0
github.com/ayoisaiah/stellar-photos/photos.go:251.23,253.3 1 1
github.com/ayoisaiah/stellar-photos/photos.go:268.16,270.3 1 0
github.com/ayoisaiah/stellar-photos/photos.go:275.14,277.29 2 0
github.com/ayoisaiah/stellar-photos/photos.go:282.13,283.41 1 0
github.com/ayoisaiah/stellar-photos/photos.go:277.29,279.4 1 0
github.com/ayoisaiah/stellar-photos/photos.go:279.9,281.4 1 0
github.com/ayoisaiah/stellar-photos/photos.go:294.16,296.3 1 0
github.com/ayoisaiah/stellar-photos/photos.go:304.16,306.3 1 0
github.com/ayoisaiah/stellar-photos/photos.go:316.9,322.16 4 1
github.com/ayoisaiah/stellar-photos/photos.go:326.2,328.27 2 1
github.com/ayoisaiah/stellar-photos/photos.go:332.2,334.36 2 1
github.com/ayoisaiah/stellar-photos/photos.go:348.2,350.12 2 1
github.com/ayoisaiah/stellar-photos/photos.go:322.16,324.3 1 0
github.com/ayoisaiah/stellar-photos/photos.go:328.27,330.3 1 0
github.com/ayoisaiah/stellar-photos/photos.go:334.36,343.17 3 1
github.com/ayoisaiah/stellar-photos/photos.go:343.17,345.4 1 1
github.com/ayoisaiah/stellar-photos/app.go:15.20,20.2 1 0
github.com/ayoisaiah/stellar-photos/dropbox.go:27.67,39.16 6 1
github.com/ayoisaiah/stellar-photos/dropbox.go:43.2,43.38 1 1
github.com/ayoisaiah/stellar-photos/dropbox.go:39.16,41.3 1 0
github.com/ayoisaiah/stellar-photos/dropbox.go:46.69,52.16 3 1
github.com/ayoisaiah/stellar-photos/dropbox.go:56.2,64.16 3 1
github.com/ayoisaiah/stellar-photos/dropbox.go:68.2,72.16 4 1
github.com/ayoisaiah/stellar-photos/dropbox.go:76.2,79.16 3 1
github.com/ayoisaiah/stellar-photos/dropbox.go:83.2,86.16 3 1
github.com/ayoisaiah/stellar-photos/dropbox.go:90.2,90.28 1 1
github.com/ayoisaiah/stellar-photos/dropbox.go:97.2,97.71 1 0
github.com/ayoisaiah/stellar-photos/dropbox.go:52.16,54.3 1 0
github.com/ayoisaiah/stellar-photos/dropbox.go:64.16,66.3 1 0
github.com/ayoisaiah/stellar-photos/dropbox.go:72.16,74.3 1 0
github.com/ayoisaiah/stellar-photos/dropbox.go:79.16,81.3 1 0
github.com/ayoisaiah/stellar-photos/dropbox.go:86.16,88.3 1 0
github.com/ayoisaiah/stellar-photos/dropbox.go:90.28,92.3 1 1
github.com/ayoisaiah/stellar-photos/dropbox.go:92.8,92.38 1 0
github.com/ayoisaiah/stellar-photos/dropbox.go:92.38,95.3 2 0
github.com/ayoisaiah/stellar-photos/dropbox.go:101.66,105.16 3 1
github.com/ayoisaiah/stellar-photos/dropbox.go:109.2,114.16 5 1
github.com/ayoisaiah/stellar-photos/dropbox.go:118.2,124.16 3 1
github.com/ayoisaiah/stellar-photos/dropbox.go:128.2,136.16 3 1
github.com/ayoisaiah/stellar-photos/dropbox.go:140.2,144.16 4 1
github.com/ayoisaiah/stellar-photos/dropbox.go:148.2,151.16 3 1
github.com/ayoisaiah/stellar-photos/dropbox.go:155.2,158.16 3 1
github.com/ayoisaiah/stellar-photos/dropbox.go:162.2,162.32 1 1
github.com/ayoisaiah/stellar-photos/dropbox.go:176.2,176.75 1 0
github.com/ayoisaiah/stellar-photos/dropbox.go:105.16,107.3 1 0
github.com/ayoisaiah/stellar-photos/dropbox.go:114.16,116.3 1 1
github.com/ayoisaiah/stellar-photos/dropbox.go:124.16,126.3 1 0
github.com/ayoisaiah/stellar-photos/dropbox.go:136.16,138.3 1 0
github.com/ayoisaiah/stellar-photos/dropbox.go:144.16,146.3 1 0
github.com/ayoisaiah/stellar-photos/dropbox.go:151.16,153.3 1 0
github.com/ayoisaiah/stellar-photos/dropbox.go:158.16,160.3 1 0
github.com/ayoisaiah/stellar-photos/dropbox.go:162.32,164.17 2 1
github.com/ayoisaiah/stellar-photos/dropbox.go:168.3,170.13 2 1
github.com/ayoisaiah/stellar-photos/dropbox.go:164.17,166.4 1 0
github.com/ayoisaiah/stellar-photos/dropbox.go:171.8,171.35 1 0
github.com/ayoisaiah/stellar-photos/dropbox.go:171.35,174.3 2 0
github.com/ayoisaiah/stellar-photos/googledrive.go:38.71,46.16 4 1
github.com/ayoisaiah/stellar-photos/googledrive.go:50.2,50.38 1 1
github.com/ayoisaiah/stellar-photos/googledrive.go:46.16,48.3 1 0
github.com/ayoisaiah/stellar-photos/googledrive.go:58.9,64.16 4 1
github.com/ayoisaiah/stellar-photos/googledrive.go:68.2,89.16 7 1
github.com/ayoisaiah/stellar-photos/googledrive.go:93.2,93.41 1 1
github.com/ayoisaiah/stellar-photos/googledrive.go:64.16,66.3 1 0
github.com/ayoisaiah/stellar-photos/googledrive.go:89.16,91.3 1 0
github.com/ayoisaiah/stellar-photos/googledrive.go:101.9,107.16 4 1
github.com/ayoisaiah/stellar-photos/googledrive.go:111.2,112.24 2 1
github.com/ayoisaiah/stellar-photos/googledrive.go:116.2,134.16 6 1
github.com/ayoisaiah/stellar-photos/googledrive.go:138.2,138.41 1 1
github.com/ayoisaiah/stellar-photos/googledrive.go:107.16,109.3 1 0
github.com/ayoisaiah/stellar-photos/googledrive.go:112.24,114.3 1 0
github.com/ayoisaiah/stellar-photos/googledrive.go:134.16,136.3 1 0
github.com/ayoisaiah/stellar-photos/googledrive.go:143.70,147.16 3 1
github.com/ayoisaiah/stellar-photos/googledrive.go:151.2,156.16 5 1
github.com/ayoisaiah/stellar-photos/googledrive.go:160.2,174.16 5 1
github.com/ayoisaiah/stellar-photos/googledrive.go:178.2,179.16 2 1
github.com/ayoisaiah/stellar-photos/googledrive.go:183.2,186.16 3 1
github.com/ayoisaiah/stellar-photos/googledrive.go:190.2,208.16 9 1
github.com/ayoisaiah/stellar-photos/googledrive.go:212.2,218.16 5 1
github.com/ayoisaiah/stellar-photos/googledrive.go:223.2,230.16 3 1
github.com/ayoisaiah/stellar-photos/googledrive.go:234.2,244.16 6 1
github.com/ayoisaiah/stellar-photos/googledrive.go:248.2,251.16 3 1
github.com/ayoisaiah/stellar-photos/googledrive.go:255.2,257.12 2 1
github.com/ayoisaiah/stellar-photos/googledrive.go:147.16,149.3 1 0
github.com/ayoisaiah/stellar-photos/googledrive.go:156.16,158.3 1 0
github.com/ayoisaiah/stellar-photos/googledrive.go:174.16,176.3 1 0
github.com/ayoisaiah/stellar-photos/googledrive.go:179.16,181.3 1 0
github.com/ayoisaiah/stellar-photos/googledrive.go:186.16,188.3 1 0
github.com/ayoisaiah/stellar-photos/googledrive.go:208.16,210.3 1 0
github.com/ayoisaiah/stellar-photos/googledrive.go:218.16,220.3 1 0
github.com/ayoisaiah/stellar-photos/googledrive.go:230.16,232.3 1 0
github.com/ayoisaiah/stellar-photos/googledrive.go:244.16,246.3 1 0
github.com/ayoisaiah/stellar-photos/googledrive.go:251.16,253.3 1 0
github.com/ayoisaiah/stellar-photos/onedrive.go:28.67,37.16 5 1
github.com/ayoisaiah/stellar-photos/onedrive.go:41.2,41.38 1 1
github.com/ayoisaiah/stellar-photos/onedrive.go:37.16,39.3 1 0
github.com/ayoisaiah/stellar-photos/onedrive.go:46.70,52.16 4 1
github.com/ayoisaiah/stellar-photos/onedrive.go:56.2,57.16 2 1
github.com/ayoisaiah/stellar-photos/onedrive.go:61.2,80.16 6 1
github.com/ayoisaiah/stellar-photos/onedrive.go:84.2,84.41 1 1
github.com/ayoisaiah/stellar-photos/onedrive.go:52.16,54.3 1 0
github.com/ayoisaiah/stellar-photos/onedrive.go:57.16,59.3 1 0
github.com/ayoisaiah/stellar-photos/onedrive.go:80.16,82.3 1 0
github.com/ayoisaiah/stellar-photos/onedrive.go:92.9,98.16 4 1
github.com/ayoisaiah/stellar-photos/onedrive.go:102.2,103.24 2 1
github.com/ayoisaiah/stellar-photos/onedrive.go:107.2,126.16 6 1
github.com/ayoisaiah/stellar-photos/onedrive.go:130.2,130.41 1 1
github.com/ayoisaiah/stellar-photos/onedrive.go:98.16,100.3 1 0
github.com/ayoisaiah/stellar-photos/onedrive.go:103.24,105.3 1 0
github.com/ayoisaiah/stellar-photos/onedrive.go:126.16,128.3 1 0
