mode: set
github.com/ayoisaiah/stellar-photos/dropbox.go:26.76,36.16 5 1
github.com/ayoisaiah/stellar-photos/dropbox.go:40.2,40.38 1 1
github.com/ayoisaiah/stellar-photos/dropbox.go:36.16,38.3 1 0
github.com/ayoisaiah/stellar-photos/dropbox.go:43.69,48.16 3 1
github.com/ayoisaiah/stellar-photos/dropbox.go:52.2,59.16 3 1
github.com/ayoisaiah/stellar-photos/dropbox.go:63.2,67.16 4 1
github.com/ayoisaiah/stellar-photos/dropbox.go:71.2,74.16 3 1
github.com/ayoisaiah/stellar-photos/dropbox.go:78.2,81.16 3 1
github.com/ayoisaiah/stellar-photos/dropbox.go:85.2,85.28 1 1
github.com/ayoisaiah/stellar-photos/dropbox.go:92.2,92.71 1 0
github.com/ayoisaiah/stellar-photos/dropbox.go:48.16,50.3 1 0
github.com/ayoisaiah/stellar-photos/dropbox.go:59.16,61.3 1 0
github.com/ayoisaiah/stellar-photos/dropbox.go:67.16,69.3 1 0
github.com/ayoisaiah/stellar-photos/dropbox.go:74.16,76.3 1 0
github.com/ayoisaiah/stellar-photos/dropbox.go:81.16,83.3 1 0
github.com/ayoisaiah/stellar-photos/dropbox.go:85.28,87.3 1 1
github.com/ayoisaiah/stellar-photos/dropbox.go:87.8,87.38 1 0
github.com/ayoisaiah/stellar-photos/dropbox.go:87.38,90.3 2 0
github.com/ayoisaiah/stellar-photos/dropbox.go:96.75,100.16 3 1
github.com/ayoisaiah/stellar-photos/dropbox.go:104.2,109.16 5 1
github.com/ayoisaiah/stellar-photos/dropbox.go:113.2,119.16 3 1
github.com/ayoisaiah/stellar-photos/dropbox.go:123.2,131.16 3 1
github.com/ayoisaiah/stellar-photos/dropbox.go:135.2,139.16 4 1
github.com/ayoisaiah/stellar-photos/dropbox.go:143.2,146.16 3 1
github.com/ayoisaiah/stellar-photos/dropbox.go:150.2,153.16 3 1
github.com/ayoisaiah/stellar-photos/dropbox.go:157.2,157.32 1 1
github.com/ayoisaiah/stellar-photos/dropbox.go:171.2,171.75 1 0
github.com/ayoisaiah/stellar-photos/dropbox.go:100.16,102.3 1 0
github.com/ayoisaiah/stellar-photos/dropbox.go:109.16,111.3 1 1
github.com/ayoisaiah/stellar-photos/dropbox.go:119.16,121.3 1 0
github.com/ayoisaiah/stellar-photos/dropbox.go:131.16,133.3 1 0
github.com/ayoisaiah/stellar-photos/dropbox.go:139.16,141.3 1 0
github.com/ayoisaiah/stellar-photos/dropbox.go:146.16,148.3 1 0
github.com/ayoisaiah/stellar-photos/dropbox.go:153.16,155.3 1 0
github.com/ayoisaiah/stellar-photos/dropbox.go:157.32,159.17 2 1
github.com/ayoisaiah/stellar-photos/dropbox.go:163.3,165.13 2 1
github.com/ayoisaiah/stellar-photos/dropbox.go:159.17,161.4 1 0
github.com/ayoisaiah/stellar-photos/dropbox.go:166.8,166.35 1 0
github.com/ayoisaiah/stellar-photos/dropbox.go:166.35,169.3 2 0
github.com/ayoisaiah/stellar-photos/googledrive.go:37.80,45.16 4 1
github.com/ayoisaiah/stellar-photos/googledrive.go:49.2,49.38 1 1
github.com/ayoisaiah/stellar-photos/googledrive.go:45.16,47.3 1 0
github.com/ayoisaiah/stellar-photos/googledrive.go:57.9,61.16 3 1
github.com/ayoisaiah/stellar-photos/googledrive.go:65.2,86.16 7 1
github.com/ayoisaiah/stellar-photos/googledrive.go:90.2,90.41 1 1
github.com/ayoisaiah/stellar-photos/googledrive.go:61.16,63.3 1 0
github.com/ayoisaiah/stellar-photos/googledrive.go:86.16,88.3 1 0
github.com/ayoisaiah/stellar-photos/googledrive.go:98.9,102.16 3 1
github.com/ayoisaiah/stellar-photos/googledrive.go:106.2,107.24 2 1
github.com/ayoisaiah/stellar-photos/googledrive.go:111.2,129.16 6 1
github.com/ayoisaiah/stellar-photos/googledrive.go:133.2,133.41 1 1
github.com/ayoisaiah/stellar-photos/googledrive.go:102.16,104.3 1 0
github.com/ayoisaiah/stellar-photos/googledrive.go:107.24,109.3 1 0
github.com/ayoisaiah/stellar-photos/googledrive.go:129.16,131.3 1 0
github.com/ayoisaiah/stellar-photos/googledrive.go:138.79,142.16 3 1
github.com/ayoisaiah/stellar-photos/googledrive.go:146.2,151.16 5 1
github.com/ayoisaiah/stellar-photos/googledrive.go:155.2,169.16 5 1
github.com/ayoisaiah/stellar-photos/googledrive.go:173.2,174.16 2 1
github.com/ayoisaiah/stellar-photos/googledrive.go:178.2,181.16 3 1
github.com/ayoisaiah/stellar-photos/googledrive.go:185.2,203.16 9 1
github.com/ayoisaiah/stellar-photos/googledrive.go:207.2,213.16 5 1
github.com/ayoisaiah/stellar-photos/googledrive.go:218.2,225.16 3 1
github.com/ayoisaiah/stellar-photos/googledrive.go:229.2,239.16 6 1
github.com/ayoisaiah/stellar-photos/googledrive.go:243.2,246.16 3 1
github.com/ayoisaiah/stellar-photos/googledrive.go:250.2,252.12 2 1
github.com/ayoisaiah/stellar-photos/googledrive.go:142.16,144.3 1 0
github.com/ayoisaiah/stellar-photos/googledrive.go:151.16,153.3 1 0
github.com/ayoisaiah/stellar-photos/googledrive.go:169.16,171.3 1 0
github.com/ayoisaiah/stellar-photos/googledrive.go:174.16,176.3 1 0
github.com/ayoisaiah/stellar-photos/googledrive.go:181.16,183.3 1 0
github.com/ayoisaiah/stellar-photos/googledrive.go:203.16,205.3 1 0
github.com/ayoisaiah/stellar-photos/googledrive.go:213.16,215.3 1 0
github.com/ayoisaiah/stellar-photos/googledrive.go:225.16,227.3 1 0
github.com/ayoisaiah/stellar-photos/googledrive.go:239.16,241.3 1 0
github.com/ayoisaiah/stellar-photos/googledrive.go:246.16,248.3 1 0
github.com/ayoisaiah/stellar-photos/onedrive.go:27.76,36.16 5 1
github.com/ayoisaiah/stellar-photos/onedrive.go:40.2,40.38 1 1
github.com/ayoisaiah/stellar-photos/onedrive.go:36.16,38.3 1 0
github.com/ayoisaiah/stellar-photos/onedrive.go:45.79,48.16 3 1
github.com/ayoisaiah/stellar-photos/onedrive.go:52.2,53.16 2 1
github.com/ayoisaiah/stellar-photos/onedrive.go:57.2,76.16 6 1
github.com/ayoisaiah/stellar-photos/onedrive.go:80.2,80.41 1 1
github.com/ayoisaiah/stellar-photos/onedrive.go:48.16,50.3 1 0
github.com/ayoisaiah/stellar-photos/onedrive.go:53.16,55.3 1 0
github.com/ayoisaiah/stellar-photos/onedrive.go:76.16,78.3 1 0
github.com/ayoisaiah/stellar-photos/onedrive.go:88.9,92.16 3 1
github.com/ayoisaiah/stellar-photos/onedrive.go:96.2,97.24 2 1
github.com/ayoisaiah/stellar-photos/onedrive.go:101.2,120.16 6 1
github.com/ayoisaiah/stellar-photos/onedrive.go:124.2,124.41 1 1
github.com/ayoisaiah/stellar-photos/onedrive.go:92.16,94.3 1 0
github.com/ayoisaiah/stellar-photos/onedrive.go:97.24,99.3 1 0
github.com/ayoisaiah/stellar-photos/onedrive.go:120.16,122.3 1 0
github.com/ayoisaiah/stellar-photos/photos.go:157.75,161.16 3 1
github.com/ayoisaiah/stellar-photos/photos.go:165.2,166.14 2 1
github.com/ayoisaiah/stellar-photos/photos.go:170.2,171.16 2 1
github.com/ayoisaiah/stellar-photos/photos.go:175.2,177.12 2 1
github.com/ayoisaiah/stellar-photos/photos.go:161.16,163.3 1 0
github.com/ayoisaiah/stellar-photos/photos.go:166.14,168.3 1 1
github.com/ayoisaiah/stellar-photos/photos.go:171.16,173.3 1 1
github.com/ayoisaiah/stellar-photos/photos.go:185.19,195.2 3 1
github.com/ayoisaiah/stellar-photos/photos.go:199.76,203.16 3 1
github.com/ayoisaiah/stellar-photos/photos.go:207.2,223.16 7 1
github.com/ayoisaiah/stellar-photos/photos.go:227.2,227.38 1 1
github.com/ayoisaiah/stellar-photos/photos.go:203.16,205.3 1 0
github.com/ayoisaiah/stellar-photos/photos.go:223.16,225.3 1 0
github.com/ayoisaiah/stellar-photos/photos.go:234.76,238.16 3 1
github.com/ayoisaiah/stellar-photos/photos.go:242.2,243.23 2 1
github.com/ayoisaiah/stellar-photos/photos.go:247.2,260.16 6 1
github.com/ayoisaiah/stellar-photos/photos.go:264.2,266.20 2 1
github.com/ayoisaiah/stellar-photos/photos.go:278.2,286.16 3 1
github.com/ayoisaiah/stellar-photos/photos.go:290.2,296.16 3 1
github.com/ayoisaiah/stellar-photos/photos.go:300.2,300.38 1 1
github.com/ayoisaiah/stellar-photos/photos.go:238.16,240.3 1 0
github.com/ayoisaiah/stellar-photos/photos.go:243.23,245.3 1 1
github.com/ayoisaiah/stellar-photos/photos.go:260.16,262.3 1 0
github.com/ayoisaiah/stellar-photos/photos.go:267.14,269.29 2 0
github.com/ayoisaiah/stellar-photos/photos.go:274.13,275.41 1 0
github.com/ayoisaiah/stellar-photos/photos.go:269.29,271.4 1 0
github.com/ayoisaiah/stellar-photos/photos.go:271.9,273.4 1 0
github.com/ayoisaiah/stellar-photos/photos.go:286.16,288.3 1 0
github.com/ayoisaiah/stellar-photos/photos.go:296.16,298.3 1 0
github.com/ayoisaiah/stellar-photos/photos.go:308.9,312.16 3 1
github.com/ayoisaiah/stellar-photos/photos.go:316.2,318.27 2 1
github.com/ayoisaiah/stellar-photos/photos.go:322.2,324.36 2 1
github.com/ayoisaiah/stellar-photos/photos.go:338.2,340.12 2 1
github.com/ayoisaiah/stellar-photos/photos.go:312.16,314.3 1 0
github.com/ayoisaiah/stellar-photos/photos.go:318.27,320.3 1 0
github.com/ayoisaiah/stellar-photos/photos.go:324.36,333.17 3 1
github.com/ayoisaiah/stellar-photos/photos.go:333.17,335.4 1 1
github.com/ayoisaiah/stellar-photos/app.go:15.20,20.2 1 0
